Log: 2022-06-20 18:13:49.804102 
	 Mac Address: a0:8d:16:b7:1a:e7 
	 Name in network: www.huaweimobilewifi.com 
	 Given name: None 
	 Allowed on network: None
Log: 2022-06-20 18:13:49.804193 
	 Mac Address: 32:5c:40:e2:40:a4 
	 Name in network:  
	 Given name: None 
	 Allowed on network: None
Log: 2022-06-20 18:13:49.804230 
	 Mac Address: None 
	 Name in network:  
	 Given name: None 
	 Allowed on network: None
Log: 2022-06-20 18:18:30.155033 
	 Mac Address: a0:8d:16:b7:1a:e7 
	 Name in network: www.huaweimobilewifi.com 
	 Given name: None 
	 Allowed on network: None
Log: 2022-06-20 18:18:30.155135 
	 Mac Address: 32:5c:40:e2:40:a4 
	 Name in network:  
	 Given name: None 
	 Allowed on network: None
Log: 2022-06-20 18:18:30.155173 
	 Mac Address: None 
	 Name in network:  
	 Given name: None 
	 Allowed on network: None
Log: 2022-06-20 18:47:44.407799 
	 Mac Address: a0:8d:16:b7:1a:e7 
	 Name in network: www.huaweimobilewifi.com 
	 Given name: None 
	 Allowed on network: None
Log: 2022-06-20 18:47:44.407900 
	 Mac Address: 32:5c:40:e2:40:a4 
	 Name in network:  
	 Given name: None 
	 Allowed on network: None
Log: 2022-06-20 18:47:44.407937 
	 Mac Address: None 
	 Name in network:  
	 Given name: None 
	 Allowed on network: None
