Log: 2022-07-17 18:08:35.597815 
	 Mac Address: ec:8c:9a:49:b3:9a 
	 Name in network: www.huaweimobilewifi.com 
	 Given name: None 
	 Allowed on network: None
Log: 2022-07-17 18:08:35.597937 
	 Mac Address: 2e:d0:2d:5b:1d:e5 
	 Name in network: 404-s-Galaxy-S20-Ultra-5G 
	 Given name: None 
	 Allowed on network: None
Log: 2022-07-17 18:08:35.597972 
	 Mac Address: None 
	 Name in network: 404is 
	 Given name: None 
	 Allowed on network: None
Log: 2022-07-17 18:41:52.842119 
	 Mac Address: 20:da:22:f7:92:a9 
	 Name in network: www.huaweimobilewifi.com 
	 Given name: None 
	 Allowed on network: None
Log: 2022-07-17 18:41:52.842216 
	 Mac Address: None 
	 Name in network: 404is 
	 Given name: None 
	 Allowed on network: None
Log: 2022-07-17 18:41:52.842249 
	 Mac Address: 08:00:27:a0:44:1d 
	 Name in network:  
	 Given name: None 
	 Allowed on network: None
Log: 2022-07-17 18:42:33.952643 
	 Mac Address: 20:da:22:f7:92:a9 
	 Name in network: www.huaweimobilewifi.com 
	 Given name: None 
	 Allowed on network: None
Log: 2022-07-17 18:42:33.952781 
	 Mac Address: None 
	 Name in network: 404is 
	 Given name: None 
	 Allowed on network: None
Log: 2022-07-17 18:42:33.952834 
	 Mac Address: 08:00:27:a0:44:1d 
	 Name in network:  
	 Given name: None 
	 Allowed on network: None
Log: 2022-07-17 18:46:50.282769 
	 Mac Address: 20:da:22:f7:92:a9 
	 Name in network: www.huaweimobilewifi.com 
	 Given name: None 
	 Allowed on network: None
Log: 2022-07-17 18:46:50.282880 
	 Mac Address: None 
	 Name in network: 404is 
	 Given name: None 
	 Allowed on network: None
Log: 2022-07-17 18:46:50.282912 
	 Mac Address: 08:00:27:a0:44:1d 
	 Name in network:  
	 Given name: None 
	 Allowed on network: None
