Log: 2022-07-04 11:28:22.715671 
	 Mac Address: d4:72:26:41:17:6a 
	 Name in network:  
	 Given name: None 
	 Allowed on network: None
Log: 2022-07-04 11:28:22.715694 
	 Mac Address: None 
	 Name in network:  
	 Given name: None 
	 Allowed on network: None
Log: 2022-07-04 11:29:38.539659 
	 Mac Address: d4:72:26:41:17:6a 
	 Name in network:  
	 Given name: None 
	 Allowed on network: None
Log: 2022-07-04 11:29:38.539690 
	 Mac Address: None 
	 Name in network:  
	 Given name: None 
	 Allowed on network: None
Log: 2022-07-04 11:29:38.539699 
	 Mac Address: 26:4b:4f:52:7a:52 
	 Name in network:  
	 Given name: None 
	 Allowed on network: None
